<?xml version="1.0" encoding="UTF-8"?>
<!-- Generated by org.testng.reporters.JUnitReportReporter -->
<testsuite hostname="DESKTOP-GO7KU84" failures="0" tests="1" name="com.inetbanking.testCases.TC_LoginTest_001" time="9.600" errors="0" timestamp="18 Oct 2021 16:55:45 GMT" skipped="0">
  <testcase classname="com.inetbanking.testCases.TC_LoginTest_001" name="loginTest" time="9.600"/>
</testsuite> <!-- com.inetbanking.testCases.TC_LoginTest_001 -->
