<?xml version="1.0" encoding="UTF-8"?>
<!-- Generated by org.testng.reporters.JUnitReportReporter -->
<testsuite hostname="DESKTOP-GO7KU84" failures="0" tests="1" name="com.inetbanking.testCases.TC_LoginTest_001" time="10.677" errors="0" timestamp="22 Oct 2021 14:15:08 GMT" skipped="0">
  <testcase classname="com.inetbanking.testCases.TC_LoginTest_001" name="loginTest" time="10.677"/>
</testsuite> <!-- com.inetbanking.testCases.TC_LoginTest_001 -->
